[2025-05-23T07:40:12.069553+00:00] main.INFO: {"feed":"salesOrders","operation":"full reindex(legacy)","status":"Initialize","elapsed":"00:00:00 996 ms","pid":"1038","caller":"bin\/magento setup:install --backend-frontname=backend --amqp-host=rabbitmq --amqp-port=5672 --amqp-user=guest"} [] []
[2025-05-23T07:40:12.155286+00:00] main.INFO: {"feed":"salesOrders","operation":"full reindex(legacy)","status":"Creating batch table `sales_data_exporter_orders_index_batches`. Start position: 0","elapsed":"00:00:01 82 ms","pid":"1038","caller":"bin\/magento setup:install --backend-frontname=backend --amqp-host=rabbitmq --amqp-port=5672 --amqp-user=guest"} [] []
[2025-05-23T07:40:12.227406+00:00] main.INFO: {"feed":"salesOrders","operation":"full reindex(legacy)","status":"Batch table `sales_data_exporter_orders_index_batches` created. Total Items: 2, batches: ~0","elapsed":"00:00:01 154 ms","pid":"1038","caller":"bin\/magento setup:install --backend-frontname=backend --amqp-host=rabbitmq --amqp-port=5672 --amqp-user=guest"} [] []
[2025-05-23T07:40:12.227783+00:00] main.INFO: {"feed":"salesOrders","operation":"full reindex(legacy)","status":"start processing `2` items in `1` threads with `100` batch size","elapsed":"00:00:01 154 ms","pid":"1038","caller":"bin\/magento setup:install --backend-frontname=backend --amqp-host=rabbitmq --amqp-port=5672 --amqp-user=guest"} [] []
[2025-05-23T07:40:12.278546+00:00] main.INFO: {"feed":"salesOrders","operation":"full reindex(legacy)","status":"Progress 1\/1, processed 2, synced 0","elapsed":"00:00:01 205 ms","pid":"1038","caller":"bin\/magento setup:install --backend-frontname=backend --amqp-host=rabbitmq --amqp-port=5672 --amqp-user=guest"} [] []
[2025-05-23T07:40:12.283999+00:00] main.INFO: {"feed":"salesOrders","operation":"full reindex(legacy)","status":"Complete","elapsed":"00:00:01 210 ms","pid":"1038","caller":"bin\/magento setup:install --backend-frontname=backend --amqp-host=rabbitmq --amqp-port=5672 --amqp-user=guest"} [] []
[2025-05-23T07:40:12.316060+00:00] main.INFO: {"feed":"salesOrderStatuses","operation":"full reindex(legacy)","status":"Initialize","elapsed":"489 ms","pid":"1038","caller":"bin\/magento setup:install --backend-frontname=backend --amqp-host=rabbitmq --amqp-port=5672 --amqp-user=guest"} [] []
[2025-05-23T07:40:12.380290+00:00] main.INFO: {"feed":"salesOrderStatuses","operation":"full reindex(legacy)","status":"Creating batch table `sales_data_exporter_order_statuses_index_batches`. Start position: ","elapsed":"553 ms","pid":"1038","caller":"bin\/magento setup:install --backend-frontname=backend --amqp-host=rabbitmq --amqp-port=5672 --amqp-user=guest"} [] []
[2025-05-23T07:40:12.444216+00:00] main.INFO: {"feed":"salesOrderStatuses","operation":"full reindex(legacy)","status":"Batch table `sales_data_exporter_order_statuses_index_batches` created. Total Items: 12, batches: ~0","elapsed":"617 ms","pid":"1038","caller":"bin\/magento setup:install --backend-frontname=backend --amqp-host=rabbitmq --amqp-port=5672 --amqp-user=guest"} [] []
[2025-05-23T07:40:12.444677+00:00] main.INFO: {"feed":"salesOrderStatuses","operation":"full reindex(legacy)","status":"start processing `12` items in `1` threads with `100` batch size","elapsed":"617 ms","pid":"1038","caller":"bin\/magento setup:install --backend-frontname=backend --amqp-host=rabbitmq --amqp-port=5672 --amqp-user=guest"} [] []
[2025-05-23T07:40:12.457275+00:00] main.INFO: {"feed":"salesOrderStatuses","operation":"full reindex(legacy)","status":"Progress 1\/1, processed 12, synced 12","elapsed":"630 ms","pid":"1038","caller":"bin\/magento setup:install --backend-frontname=backend --amqp-host=rabbitmq --amqp-port=5672 --amqp-user=guest"} [] []
[2025-05-23T07:40:12.461251+00:00] main.INFO: {"feed":"salesOrderStatuses","operation":"full reindex(legacy)","status":"Complete","elapsed":"634 ms","pid":"1038","caller":"bin\/magento setup:install --backend-frontname=backend --amqp-host=rabbitmq --amqp-port=5672 --amqp-user=guest"} [] []
[2025-05-23T07:40:12.488806+00:00] main.INFO: {"feed":"stores","operation":"full reindex(legacy)","status":"Initialize","elapsed":"834 ms","pid":"1038","caller":"bin\/magento setup:install --backend-frontname=backend --amqp-host=rabbitmq --amqp-port=5672 --amqp-user=guest"} [] []
[2025-05-23T07:40:12.553456+00:00] main.INFO: {"feed":"stores","operation":"full reindex(legacy)","status":"Creating batch table `stores_data_exporter_index_batches`. Start position: 0","elapsed":"899 ms","pid":"1038","caller":"bin\/magento setup:install --backend-frontname=backend --amqp-host=rabbitmq --amqp-port=5672 --amqp-user=guest"} [] []
[2025-05-23T07:40:12.610842+00:00] main.INFO: {"feed":"stores","operation":"full reindex(legacy)","status":"Batch table `stores_data_exporter_index_batches` created. Total Items: 1, batches: ~0","elapsed":"956 ms","pid":"1038","caller":"bin\/magento setup:install --backend-frontname=backend --amqp-host=rabbitmq --amqp-port=5672 --amqp-user=guest"} [] []
[2025-05-23T07:40:12.611287+00:00] main.INFO: {"feed":"stores","operation":"full reindex(legacy)","status":"start processing `1` items in `1` threads with `100` batch size","elapsed":"957 ms","pid":"1038","caller":"bin\/magento setup:install --backend-frontname=backend --amqp-host=rabbitmq --amqp-port=5672 --amqp-user=guest"} [] []
[2025-05-23T07:40:12.630394+00:00] main.INFO: {"feed":"stores","operation":"full reindex(legacy)","status":"Progress 1\/1, processed 1, synced 1","elapsed":"976 ms","pid":"1038","caller":"bin\/magento setup:install --backend-frontname=backend --amqp-host=rabbitmq --amqp-port=5672 --amqp-user=guest"} [] []
[2025-05-23T07:40:12.635572+00:00] main.INFO: {"feed":"stores","operation":"full reindex(legacy)","status":"Complete","elapsed":"981 ms","pid":"1038","caller":"bin\/magento setup:install --backend-frontname=backend --amqp-host=rabbitmq --amqp-port=5672 --amqp-user=guest"} [] []
[2025-05-23T07:41:07.486621+00:00] main.INFO: {"feed":"salesOrders","operation":"full reindex(legacy)","status":"Initialize","elapsed":"830 ms","pid":"1066","caller":"bin\/magento indexer:reindex"} [] []
[2025-05-23T07:41:07.566652+00:00] main.INFO: {"feed":"salesOrders","operation":"full reindex(legacy)","status":"Creating batch table `sales_data_exporter_orders_index_batches`. Start position: 0","elapsed":"910 ms","pid":"1066","caller":"bin\/magento indexer:reindex"} [] []
[2025-05-23T07:41:07.606165+00:00] main.INFO: {"feed":"salesOrders","operation":"full reindex(legacy)","status":"Batch table `sales_data_exporter_orders_index_batches` created. Total Items: 2, batches: ~0","elapsed":"950 ms","pid":"1066","caller":"bin\/magento indexer:reindex"} [] []
[2025-05-23T07:41:07.606408+00:00] main.INFO: {"feed":"salesOrders","operation":"full reindex(legacy)","status":"start processing `2` items in `1` threads with `100` batch size","elapsed":"950 ms","pid":"1066","caller":"bin\/magento indexer:reindex"} [] []
[2025-05-23T07:41:07.618015+00:00] main.INFO: {"feed":"salesOrders","operation":"full reindex(legacy)","status":"Progress 1\/1, processed 2, synced 0","elapsed":"961 ms","pid":"1066","caller":"bin\/magento indexer:reindex"} [] []
[2025-05-23T07:41:07.622864+00:00] main.INFO: {"feed":"salesOrders","operation":"full reindex(legacy)","status":"Complete","elapsed":"966 ms","pid":"1066","caller":"bin\/magento indexer:reindex"} [] []
[2025-05-23T07:41:07.646998+00:00] main.INFO: {"feed":"salesOrderStatuses","operation":"full reindex(legacy)","status":"Initialize","elapsed":"00:00:00 151 ms","pid":"1066","caller":"bin\/magento indexer:reindex"} [] []
[2025-05-23T07:41:07.703003+00:00] main.INFO: {"feed":"salesOrderStatuses","operation":"full reindex(legacy)","status":"Creating batch table `sales_data_exporter_order_statuses_index_batches`. Start position: ","elapsed":"00:00:00 207 ms","pid":"1066","caller":"bin\/magento indexer:reindex"} [] []
[2025-05-23T07:41:07.748205+00:00] main.INFO: {"feed":"salesOrderStatuses","operation":"full reindex(legacy)","status":"Batch table `sales_data_exporter_order_statuses_index_batches` created. Total Items: 12, batches: ~0","elapsed":"00:00:00 252 ms","pid":"1066","caller":"bin\/magento indexer:reindex"} [] []
[2025-05-23T07:41:07.748533+00:00] main.INFO: {"feed":"salesOrderStatuses","operation":"full reindex(legacy)","status":"start processing `12` items in `1` threads with `100` batch size","elapsed":"00:00:00 252 ms","pid":"1066","caller":"bin\/magento indexer:reindex"} [] []
[2025-05-23T07:41:07.754989+00:00] main.INFO: {"feed":"salesOrderStatuses","operation":"full reindex(legacy)","status":"Progress 1\/1, processed 12, synced 12","elapsed":"00:00:00 259 ms","pid":"1066","caller":"bin\/magento indexer:reindex"} [] []
[2025-05-23T07:41:07.760811+00:00] main.INFO: {"feed":"salesOrderStatuses","operation":"full reindex(legacy)","status":"Complete","elapsed":"00:00:00 265 ms","pid":"1066","caller":"bin\/magento indexer:reindex"} [] []
[2025-05-23T07:41:07.783463+00:00] main.INFO: {"feed":"stores","operation":"full reindex(legacy)","status":"Initialize","elapsed":"00:00:00 424 ms","pid":"1066","caller":"bin\/magento indexer:reindex"} [] []
[2025-05-23T07:41:07.838983+00:00] main.INFO: {"feed":"stores","operation":"full reindex(legacy)","status":"Creating batch table `stores_data_exporter_index_batches`. Start position: 0","elapsed":"00:00:00 479 ms","pid":"1066","caller":"bin\/magento indexer:reindex"} [] []
[2025-05-23T07:41:07.888116+00:00] main.INFO: {"feed":"stores","operation":"full reindex(legacy)","status":"Batch table `stores_data_exporter_index_batches` created. Total Items: 1, batches: ~0","elapsed":"00:00:00 528 ms","pid":"1066","caller":"bin\/magento indexer:reindex"} [] []
[2025-05-23T07:41:07.888384+00:00] main.INFO: {"feed":"stores","operation":"full reindex(legacy)","status":"start processing `1` items in `1` threads with `100` batch size","elapsed":"00:00:00 529 ms","pid":"1066","caller":"bin\/magento indexer:reindex"} [] []
[2025-05-23T07:41:07.897683+00:00] main.INFO: {"feed":"stores","operation":"full reindex(legacy)","status":"Progress 1\/1, processed 1, synced 1","elapsed":"00:00:00 538 ms","pid":"1066","caller":"bin\/magento indexer:reindex"} [] []
[2025-05-23T07:41:07.900392+00:00] main.INFO: {"feed":"stores","operation":"full reindex(legacy)","status":"Complete","elapsed":"00:00:00 541 ms","pid":"1066","caller":"bin\/magento indexer:reindex"} [] []
[2025-05-23T07:47:00.902096+00:00] main.INFO: {"feed":"salesOrders","operation":"full reindex(legacy)","status":"Initialize","elapsed":"00:00:00 661 ms","pid":"158","caller":"bin\/magento setup:install --backend-frontname=backend --amqp-host=rabbitmq --amqp-port=5672 --amqp-user=guest"} [] []
[2025-05-23T07:47:00.945191+00:00] main.INFO: {"feed":"salesOrders","operation":"full reindex(legacy)","status":"Creating batch table `sales_data_exporter_orders_index_batches`. Start position: 0","elapsed":"00:00:00 704 ms","pid":"158","caller":"bin\/magento setup:install --backend-frontname=backend --amqp-host=rabbitmq --amqp-port=5672 --amqp-user=guest"} [] []
[2025-05-23T07:47:00.975746+00:00] main.INFO: {"feed":"salesOrders","operation":"full reindex(legacy)","status":"Batch table `sales_data_exporter_orders_index_batches` created. Total Items: 0, batches: ~0","elapsed":"00:00:00 735 ms","pid":"158","caller":"bin\/magento setup:install --backend-frontname=backend --amqp-host=rabbitmq --amqp-port=5672 --amqp-user=guest"} [] []
[2025-05-23T07:47:00.975911+00:00] main.INFO: {"feed":"salesOrders","operation":"full reindex(legacy)","status":"nothing to process - no items to sync. Not expected? Are there any items in source table `sales_order`?","elapsed":"00:00:00 735 ms","pid":"158","caller":"bin\/magento setup:install --backend-frontname=backend --amqp-host=rabbitmq --amqp-port=5672 --amqp-user=guest"} [] []
[2025-05-23T07:47:00.977662+00:00] main.INFO: {"feed":"salesOrders","operation":"full reindex(legacy)","status":"Complete","elapsed":"00:00:00 736 ms","pid":"158","caller":"bin\/magento setup:install --backend-frontname=backend --amqp-host=rabbitmq --amqp-port=5672 --amqp-user=guest"} [] []
[2025-05-23T07:47:00.991255+00:00] main.INFO: {"feed":"salesOrderStatuses","operation":"full reindex(legacy)","status":"Initialize","elapsed":"00:00:00 839 ms","pid":"158","caller":"bin\/magento setup:install --backend-frontname=backend --amqp-host=rabbitmq --amqp-port=5672 --amqp-user=guest"} [] []
[2025-05-23T07:47:01.032905+00:00] main.INFO: {"feed":"salesOrderStatuses","operation":"full reindex(legacy)","status":"Creating batch table `sales_data_exporter_order_statuses_index_batches`. Start position: ","elapsed":"00:00:00 881 ms","pid":"158","caller":"bin\/magento setup:install --backend-frontname=backend --amqp-host=rabbitmq --amqp-port=5672 --amqp-user=guest"} [] []
[2025-05-23T07:47:01.074619+00:00] main.INFO: {"feed":"salesOrderStatuses","operation":"full reindex(legacy)","status":"Batch table `sales_data_exporter_order_statuses_index_batches` created. Total Items: 12, batches: ~0","elapsed":"00:00:01 923 ms","pid":"158","caller":"bin\/magento setup:install --backend-frontname=backend --amqp-host=rabbitmq --amqp-port=5672 --amqp-user=guest"} [] []
[2025-05-23T07:47:01.074814+00:00] main.INFO: {"feed":"salesOrderStatuses","operation":"full reindex(legacy)","status":"start processing `12` items in `1` threads with `100` batch size","elapsed":"00:00:01 923 ms","pid":"158","caller":"bin\/magento setup:install --backend-frontname=backend --amqp-host=rabbitmq --amqp-port=5672 --amqp-user=guest"} [] []
[2025-05-23T07:47:01.090072+00:00] main.INFO: {"feed":"salesOrderStatuses","operation":"full reindex(legacy)","status":"Progress 1\/1, processed 12, synced 12","elapsed":"00:00:01 938 ms","pid":"158","caller":"bin\/magento setup:install --backend-frontname=backend --amqp-host=rabbitmq --amqp-port=5672 --amqp-user=guest"} [] []
[2025-05-23T07:47:01.094627+00:00] main.INFO: {"feed":"salesOrderStatuses","operation":"full reindex(legacy)","status":"Complete","elapsed":"00:00:01 943 ms","pid":"158","caller":"bin\/magento setup:install --backend-frontname=backend --amqp-host=rabbitmq --amqp-port=5672 --amqp-user=guest"} [] []
[2025-05-23T07:47:01.109564+00:00] main.INFO: {"feed":"stores","operation":"full reindex(legacy)","status":"Initialize","elapsed":"76 ms","pid":"158","caller":"bin\/magento setup:install --backend-frontname=backend --amqp-host=rabbitmq --amqp-port=5672 --amqp-user=guest"} [] []
[2025-05-23T07:47:01.152841+00:00] main.INFO: {"feed":"stores","operation":"full reindex(legacy)","status":"Creating batch table `stores_data_exporter_index_batches`. Start position: 0","elapsed":"119 ms","pid":"158","caller":"bin\/magento setup:install --backend-frontname=backend --amqp-host=rabbitmq --amqp-port=5672 --amqp-user=guest"} [] []
[2025-05-23T07:47:01.187486+00:00] main.INFO: {"feed":"stores","operation":"full reindex(legacy)","status":"Batch table `stores_data_exporter_index_batches` created. Total Items: 1, batches: ~0","elapsed":"154 ms","pid":"158","caller":"bin\/magento setup:install --backend-frontname=backend --amqp-host=rabbitmq --amqp-port=5672 --amqp-user=guest"} [] []
[2025-05-23T07:47:01.187719+00:00] main.INFO: {"feed":"stores","operation":"full reindex(legacy)","status":"start processing `1` items in `1` threads with `100` batch size","elapsed":"154 ms","pid":"158","caller":"bin\/magento setup:install --backend-frontname=backend --amqp-host=rabbitmq --amqp-port=5672 --amqp-user=guest"} [] []
[2025-05-23T07:47:01.194584+00:00] main.INFO: {"feed":"stores","operation":"full reindex(legacy)","status":"Progress 1\/1, processed 1, synced 1","elapsed":"161 ms","pid":"158","caller":"bin\/magento setup:install --backend-frontname=backend --amqp-host=rabbitmq --amqp-port=5672 --amqp-user=guest"} [] []
[2025-05-23T07:47:01.196480+00:00] main.INFO: {"feed":"stores","operation":"full reindex(legacy)","status":"Complete","elapsed":"163 ms","pid":"158","caller":"bin\/magento setup:install --backend-frontname=backend --amqp-host=rabbitmq --amqp-port=5672 --amqp-user=guest"} [] []
[2025-05-23T07:47:29.833569+00:00] main.INFO: {"feed":"salesOrders","operation":"full reindex(legacy)","status":"Initialize","elapsed":"00:00:00 524 ms","pid":"186","caller":"bin\/magento indexer:reindex"} [] []
[2025-05-23T07:47:29.881344+00:00] main.INFO: {"feed":"salesOrders","operation":"full reindex(legacy)","status":"Creating batch table `sales_data_exporter_orders_index_batches`. Start position: 0","elapsed":"00:00:00 572 ms","pid":"186","caller":"bin\/magento indexer:reindex"} [] []
[2025-05-23T07:47:29.913735+00:00] main.INFO: {"feed":"salesOrders","operation":"full reindex(legacy)","status":"Batch table `sales_data_exporter_orders_index_batches` created. Total Items: 0, batches: ~0","elapsed":"00:00:00 604 ms","pid":"186","caller":"bin\/magento indexer:reindex"} [] []
[2025-05-23T07:47:29.914035+00:00] main.INFO: {"feed":"salesOrders","operation":"full reindex(legacy)","status":"nothing to process - no items to sync. Not expected? Are there any items in source table `sales_order`?","elapsed":"00:00:00 604 ms","pid":"186","caller":"bin\/magento indexer:reindex"} [] []
[2025-05-23T07:47:29.917006+00:00] main.INFO: {"feed":"salesOrders","operation":"full reindex(legacy)","status":"Complete","elapsed":"00:00:00 607 ms","pid":"186","caller":"bin\/magento indexer:reindex"} [] []
[2025-05-23T07:47:29.934171+00:00] main.INFO: {"feed":"salesOrderStatuses","operation":"full reindex(legacy)","status":"Initialize","elapsed":"00:00:00 725 ms","pid":"186","caller":"bin\/magento indexer:reindex"} [] []
[2025-05-23T07:47:29.980411+00:00] main.INFO: {"feed":"salesOrderStatuses","operation":"full reindex(legacy)","status":"Creating batch table `sales_data_exporter_order_statuses_index_batches`. Start position: ","elapsed":"00:00:00 771 ms","pid":"186","caller":"bin\/magento indexer:reindex"} [] []
[2025-05-23T07:47:30.019932+00:00] main.INFO: {"feed":"salesOrderStatuses","operation":"full reindex(legacy)","status":"Batch table `sales_data_exporter_order_statuses_index_batches` created. Total Items: 12, batches: ~0","elapsed":"00:00:00 811 ms","pid":"186","caller":"bin\/magento indexer:reindex"} [] []
[2025-05-23T07:47:30.020063+00:00] main.INFO: {"feed":"salesOrderStatuses","operation":"full reindex(legacy)","status":"start processing `12` items in `1` threads with `100` batch size","elapsed":"00:00:00 811 ms","pid":"186","caller":"bin\/magento indexer:reindex"} [] []
[2025-05-23T07:47:30.028634+00:00] main.INFO: {"feed":"salesOrderStatuses","operation":"full reindex(legacy)","status":"Progress 1\/1, processed 12, synced 12","elapsed":"00:00:00 820 ms","pid":"186","caller":"bin\/magento indexer:reindex"} [] []
[2025-05-23T07:47:30.030761+00:00] main.INFO: {"feed":"salesOrderStatuses","operation":"full reindex(legacy)","status":"Complete","elapsed":"00:00:00 822 ms","pid":"186","caller":"bin\/magento indexer:reindex"} [] []
[2025-05-23T07:47:30.045112+00:00] main.INFO: {"feed":"stores","operation":"full reindex(legacy)","status":"Initialize","elapsed":"00:00:00 947 ms","pid":"186","caller":"bin\/magento indexer:reindex"} [] []
[2025-05-23T07:47:30.091394+00:00] main.INFO: {"feed":"stores","operation":"full reindex(legacy)","status":"Creating batch table `stores_data_exporter_index_batches`. Start position: 0","elapsed":"00:00:01 993 ms","pid":"186","caller":"bin\/magento indexer:reindex"} [] []
[2025-05-23T07:47:30.125958+00:00] main.INFO: {"feed":"stores","operation":"full reindex(legacy)","status":"Batch table `stores_data_exporter_index_batches` created. Total Items: 1, batches: ~0","elapsed":"00:00:01 28 ms","pid":"186","caller":"bin\/magento indexer:reindex"} [] []
[2025-05-23T07:47:30.126098+00:00] main.INFO: {"feed":"stores","operation":"full reindex(legacy)","status":"start processing `1` items in `1` threads with `100` batch size","elapsed":"00:00:01 28 ms","pid":"186","caller":"bin\/magento indexer:reindex"} [] []
[2025-05-23T07:47:30.131560+00:00] main.INFO: {"feed":"stores","operation":"full reindex(legacy)","status":"Progress 1\/1, processed 1, synced 1","elapsed":"00:00:01 33 ms","pid":"186","caller":"bin\/magento indexer:reindex"} [] []
[2025-05-23T07:47:30.133897+00:00] main.INFO: {"feed":"stores","operation":"full reindex(legacy)","status":"Complete","elapsed":"00:00:01 36 ms","pid":"186","caller":"bin\/magento indexer:reindex"} [] []
[2025-05-23T08:15:29.188065+00:00] main.INFO: {"feed":"salesOrders","operation":"full reindex(legacy)","status":"Initialize","elapsed":"233 ms","pid":"278","caller":"bin\/magento setup:upgrade"} [] []
[2025-05-23T08:15:29.235384+00:00] main.INFO: {"feed":"salesOrders","operation":"full reindex(legacy)","status":"Creating batch table `sales_data_exporter_orders_index_batches`. Start position: 0","elapsed":"280 ms","pid":"278","caller":"bin\/magento setup:upgrade"} [] []
[2025-05-23T08:15:29.271492+00:00] main.INFO: {"feed":"salesOrders","operation":"full reindex(legacy)","status":"Batch table `sales_data_exporter_orders_index_batches` created. Total Items: 2, batches: ~0","elapsed":"316 ms","pid":"278","caller":"bin\/magento setup:upgrade"} [] []
[2025-05-23T08:15:29.271743+00:00] main.INFO: {"feed":"salesOrders","operation":"full reindex(legacy)","status":"start processing `2` items in `1` threads with `100` batch size","elapsed":"317 ms","pid":"278","caller":"bin\/magento setup:upgrade"} [] []
[2025-05-23T08:15:29.292766+00:00] main.INFO: {"feed":"salesOrders","operation":"full reindex(legacy)","status":"Progress 1\/1, processed 2, synced 0","elapsed":"338 ms","pid":"278","caller":"bin\/magento setup:upgrade"} [] []
[2025-05-23T08:15:29.295150+00:00] main.INFO: {"feed":"salesOrders","operation":"full reindex(legacy)","status":"Complete","elapsed":"340 ms","pid":"278","caller":"bin\/magento setup:upgrade"} [] []
[2025-05-23T08:15:29.313157+00:00] main.INFO: {"feed":"salesOrderStatuses","operation":"full reindex(legacy)","status":"Initialize","elapsed":"483 ms","pid":"278","caller":"bin\/magento setup:upgrade"} [] []
[2025-05-23T08:15:29.354515+00:00] main.INFO: {"feed":"salesOrderStatuses","operation":"full reindex(legacy)","status":"Creating batch table `sales_data_exporter_order_statuses_index_batches`. Start position: ","elapsed":"524 ms","pid":"278","caller":"bin\/magento setup:upgrade"} [] []
[2025-05-23T08:15:29.391145+00:00] main.INFO: {"feed":"salesOrderStatuses","operation":"full reindex(legacy)","status":"Batch table `sales_data_exporter_order_statuses_index_batches` created. Total Items: 12, batches: ~0","elapsed":"561 ms","pid":"278","caller":"bin\/magento setup:upgrade"} [] []
[2025-05-23T08:15:29.391363+00:00] main.INFO: {"feed":"salesOrderStatuses","operation":"full reindex(legacy)","status":"start processing `12` items in `1` threads with `100` batch size","elapsed":"561 ms","pid":"278","caller":"bin\/magento setup:upgrade"} [] []
[2025-05-23T08:15:29.398566+00:00] main.INFO: {"feed":"salesOrderStatuses","operation":"full reindex(legacy)","status":"Progress 1\/1, processed 12, synced 12","elapsed":"568 ms","pid":"278","caller":"bin\/magento setup:upgrade"} [] []
[2025-05-23T08:15:29.403315+00:00] main.INFO: {"feed":"salesOrderStatuses","operation":"full reindex(legacy)","status":"Complete","elapsed":"573 ms","pid":"278","caller":"bin\/magento setup:upgrade"} [] []
[2025-05-23T08:15:29.426843+00:00] main.INFO: {"feed":"stores","operation":"full reindex(legacy)","status":"Initialize","elapsed":"710 ms","pid":"278","caller":"bin\/magento setup:upgrade"} [] []
[2025-05-23T08:15:29.473320+00:00] main.INFO: {"feed":"stores","operation":"full reindex(legacy)","status":"Creating batch table `stores_data_exporter_index_batches`. Start position: 0","elapsed":"757 ms","pid":"278","caller":"bin\/magento setup:upgrade"} [] []
[2025-05-23T08:15:29.506458+00:00] main.INFO: {"feed":"stores","operation":"full reindex(legacy)","status":"Batch table `stores_data_exporter_index_batches` created. Total Items: 1, batches: ~0","elapsed":"790 ms","pid":"278","caller":"bin\/magento setup:upgrade"} [] []
[2025-05-23T08:15:29.506729+00:00] main.INFO: {"feed":"stores","operation":"full reindex(legacy)","status":"start processing `1` items in `1` threads with `100` batch size","elapsed":"790 ms","pid":"278","caller":"bin\/magento setup:upgrade"} [] []
[2025-05-23T08:15:29.513892+00:00] main.INFO: {"feed":"stores","operation":"full reindex(legacy)","status":"Progress 1\/1, processed 1, synced 1","elapsed":"797 ms","pid":"278","caller":"bin\/magento setup:upgrade"} [] []
[2025-05-23T08:15:29.516053+00:00] main.INFO: {"feed":"stores","operation":"full reindex(legacy)","status":"Complete","elapsed":"800 ms","pid":"278","caller":"bin\/magento setup:upgrade"} [] []
[2025-05-23T08:15:54.626311+00:00] main.INFO: {"feed":"salesOrders","operation":"full reindex(legacy)","status":"Initialize","elapsed":"00:00:00 109 ms","pid":"284","caller":"bin\/magento indexer:reindex"} [] []
[2025-05-23T08:15:54.673707+00:00] main.INFO: {"feed":"salesOrders","operation":"full reindex(legacy)","status":"Creating batch table `sales_data_exporter_orders_index_batches`. Start position: 0","elapsed":"00:00:00 157 ms","pid":"284","caller":"bin\/magento indexer:reindex"} [] []
[2025-05-23T08:15:54.708771+00:00] main.INFO: {"feed":"salesOrders","operation":"full reindex(legacy)","status":"Batch table `sales_data_exporter_orders_index_batches` created. Total Items: 2, batches: ~0","elapsed":"00:00:00 192 ms","pid":"284","caller":"bin\/magento indexer:reindex"} [] []
[2025-05-23T08:15:54.708955+00:00] main.INFO: {"feed":"salesOrders","operation":"full reindex(legacy)","status":"start processing `2` items in `1` threads with `100` batch size","elapsed":"00:00:00 192 ms","pid":"284","caller":"bin\/magento indexer:reindex"} [] []
[2025-05-23T08:15:54.723983+00:00] main.INFO: {"feed":"salesOrders","operation":"full reindex(legacy)","status":"Progress 1\/1, processed 2, synced 0","elapsed":"00:00:00 207 ms","pid":"284","caller":"bin\/magento indexer:reindex"} [] []
[2025-05-23T08:15:54.726188+00:00] main.INFO: {"feed":"salesOrders","operation":"full reindex(legacy)","status":"Complete","elapsed":"00:00:00 209 ms","pid":"284","caller":"bin\/magento indexer:reindex"} [] []
[2025-05-23T08:15:54.740900+00:00] main.INFO: {"feed":"salesOrderStatuses","operation":"full reindex(legacy)","status":"Initialize","elapsed":"00:00:00 339 ms","pid":"284","caller":"bin\/magento indexer:reindex"} [] []
[2025-05-23T08:15:54.786519+00:00] main.INFO: {"feed":"salesOrderStatuses","operation":"full reindex(legacy)","status":"Creating batch table `sales_data_exporter_order_statuses_index_batches`. Start position: ","elapsed":"00:00:00 384 ms","pid":"284","caller":"bin\/magento indexer:reindex"} [] []
[2025-05-23T08:15:54.823300+00:00] main.INFO: {"feed":"salesOrderStatuses","operation":"full reindex(legacy)","status":"Batch table `sales_data_exporter_order_statuses_index_batches` created. Total Items: 12, batches: ~0","elapsed":"00:00:00 421 ms","pid":"284","caller":"bin\/magento indexer:reindex"} [] []
[2025-05-23T08:15:54.823460+00:00] main.INFO: {"feed":"salesOrderStatuses","operation":"full reindex(legacy)","status":"start processing `12` items in `1` threads with `100` batch size","elapsed":"00:00:00 421 ms","pid":"284","caller":"bin\/magento indexer:reindex"} [] []
[2025-05-23T08:15:54.830214+00:00] main.INFO: {"feed":"salesOrderStatuses","operation":"full reindex(legacy)","status":"Progress 1\/1, processed 12, synced 12","elapsed":"00:00:00 428 ms","pid":"284","caller":"bin\/magento indexer:reindex"} [] []
[2025-05-23T08:15:54.834542+00:00] main.INFO: {"feed":"salesOrderStatuses","operation":"full reindex(legacy)","status":"Complete","elapsed":"00:00:00 432 ms","pid":"284","caller":"bin\/magento indexer:reindex"} [] []
[2025-05-23T08:15:54.849106+00:00] main.INFO: {"feed":"stores","operation":"full reindex(legacy)","status":"Initialize","elapsed":"00:00:00 555 ms","pid":"284","caller":"bin\/magento indexer:reindex"} [] []
[2025-05-23T08:15:54.896057+00:00] main.INFO: {"feed":"stores","operation":"full reindex(legacy)","status":"Creating batch table `stores_data_exporter_index_batches`. Start position: 0","elapsed":"00:00:00 602 ms","pid":"284","caller":"bin\/magento indexer:reindex"} [] []
[2025-05-23T08:15:54.932726+00:00] main.INFO: {"feed":"stores","operation":"full reindex(legacy)","status":"Batch table `stores_data_exporter_index_batches` created. Total Items: 1, batches: ~0","elapsed":"00:00:00 639 ms","pid":"284","caller":"bin\/magento indexer:reindex"} [] []
[2025-05-23T08:15:54.932917+00:00] main.INFO: {"feed":"stores","operation":"full reindex(legacy)","status":"start processing `1` items in `1` threads with `100` batch size","elapsed":"00:00:00 639 ms","pid":"284","caller":"bin\/magento indexer:reindex"} [] []
[2025-05-23T08:15:54.940234+00:00] main.INFO: {"feed":"stores","operation":"full reindex(legacy)","status":"Progress 1\/1, processed 1, synced 1","elapsed":"00:00:00 646 ms","pid":"284","caller":"bin\/magento indexer:reindex"} [] []
[2025-05-23T08:15:54.942535+00:00] main.INFO: {"feed":"stores","operation":"full reindex(legacy)","status":"Complete","elapsed":"00:00:00 648 ms","pid":"284","caller":"bin\/magento indexer:reindex"} [] []
